<?xml version="1.0" encoding="UTF-8" ?>
<testsuite tests="22" failures="0" name="BabysitterTest" time="0.111" errors="0" skipped="0">
  <properties>
[...]
</properties>
  <testcase classname="BabysitterTest" name="MaximumHoursBedtimeAfterMidnightWageCalculation" time="0.098"/>
  <testcase classname="BabysitterTest" name="InvalidStartingTime" time="0.001"/>
  <testcase classname="BabysitterTest" name="InvalidBedtimeAfterEndingTime" time="0"/>
  <testcase classname="BabysitterTest" name="validHoursEndingAfterMidnight" time="0.001"/>
  <testcase classname="BabysitterTest" name="wageCalculationStartingTimeAfterMidnight" time="0.001"/>
  <testcase classname="BabysitterTest" name="InvalidBedTime" time="0.001"/>
  <testcase classname="BabysitterTest" name="wageCalculationEndingBeforeMidnight" time="0.001"/>
  <testcase classname="BabysitterTest" name="wageCalculationEndingAfterMidnightAllFractionalLateEnd" time="0.001"/>
  <testcase classname="BabysitterTest" name="AllInvalidHours" time="0"/>
  <testcase classname="BabysitterTest" name="wageCalculationEndingAfterMidnightAllFractional" time="0"/>
  <testcase classname="BabysitterTest" name="InvalidHoursEnding" time="0"/>
  <testcase classname="BabysitterTest" name="InvalidHoursStarting" time="0"/>
  <testcase classname="BabysitterTest" name="InvalidBedtimeBeforeStartingTime" time="0.001"/>
  <testcase classname="BabysitterTest" name="wageCalculationEndingAfterMidnightFractional" time="0"/>
  <testcase classname="BabysitterTest" name="wageCalculationEndingBeforeMidnightFractional" time="0.001"/>
  <testcase classname="BabysitterTest" name="wageCalculationEndingAfterMidnight" time="0.001"/>
  <testcase classname="BabysitterTest" name="InvalidHoursStartingEnding" time="0"/>
  <testcase classname="BabysitterTest" name="MaximumHoursBedtimeBeforeMidnightWageCalculation" time="0"/>
  <testcase classname="BabysitterTest" name="validHoursEndingBeforeMidnight" time="0.001"/>
  <testcase classname="BabysitterTest" name="MaximumHoursWageCalculation" time="0.001"/>
  <testcase classname="BabysitterTest" name="wageCalculationStartingTimeAtMidnight" time="0.001"/>
  <testcase classname="BabysitterTest" name="InvalidEndingTime" time="0.001"/>
</testsuite>